<?xml version="1.0" encoding="UTF-8"?>
<testsuite name="ru.stqa.pft.addressbook.tests.GroupModificationTests" tests="1" skipped="0" failures="1" errors="0" timestamp="2019-08-28T20:57:18" hostname="scorpio" time="0.143">
  <properties/>
  <testcase name="testGroupModification" classname="ru.stqa.pft.addressbook.tests.GroupModificationTests" time="0.143">
    <failure message="java.lang.AssertionError: &#10;Expected: &lt;[GroupData{id='215', name='test 1'}, GroupData{id='216', name='test 2'}, GroupData{id='214', name='test 5'}, GroupData{id='189', name='test 5'}, GroupData{id='183', name='test 5'}, GroupData{id='198', name='test 1'}, GroupData{id='199', name='test 2'}, GroupData{id='203', name='test 0'}, GroupData{id='204', name='test 1'}, GroupData{id='177', name='test 5'}, GroupData{id='197', name='test 0'}, GroupData{id='179', name='test 5'}, GroupData{id='205', name='test 2'}, GroupData{id='211', name='test 0'}, GroupData{id='212', name='test 1'}, GroupData{id='213', name='test 2'}, GroupData{id='209', name='test 5'}, GroupData{id='202', name='test 2'}, GroupData{id='210', name=''}, GroupData{id='176', name='test 5'}, GroupData{id='196', name='test 2'}, GroupData{id='206', name='test 0'}, GroupData{id='207', name='test 1'}, GroupData{id='208', name='test 2'}, GroupData{id='190', name='test 5'}, GroupData{id='194', name='test 0'}, GroupData{id='195', name='test 1'}, GroupData{id='178', name='test 5'}, GroupData{id='184', name='test 5'}, GroupData{id='182', name='test 5'}]&gt;&#10;     but: was &lt;[GroupData{id='214', name='test 0'}, GroupData{id='215', name='test 1'}, GroupData{id='216', name='test 2'}, GroupData{id='189', name='test 5'}, GroupData{id='183', name='test 5'}, GroupData{id='198', name='test 1'}, GroupData{id='199', name='test 2'}, GroupData{id='203', name='test 0'}, GroupData{id='204', name='test 1'}, GroupData{id='177', name='test 5'}, GroupData{id='197', name='test 0'}, GroupData{id='179', name='test 5'}, GroupData{id='205', name='test 2'}, GroupData{id='211', name='test 0'}, GroupData{id='212', name='test 1'}, GroupData{id='213', name='test 2'}, GroupData{id='209', name='test 5'}, GroupData{id='202', name='test 2'}, GroupData{id='210', name=''}, GroupData{id='176', name='test 5'}, GroupData{id='196', name='test 2'}, GroupData{id='206', name='test 0'}, GroupData{id='207', name='test 1'}, GroupData{id='208', name='test 2'}, GroupData{id='190', name='test 5'}, GroupData{id='194', name='test 0'}, GroupData{id='195', name='test 1'}, GroupData{id='178', name='test 5'}, GroupData{id='184', name='test 5'}, GroupData{id='182', name='test 5'}]&gt;" type="java.lang.AssertionError">java.lang.AssertionError: 
Expected: &lt;[GroupData{id='215', name='test 1'}, GroupData{id='216', name='test 2'}, GroupData{id='214', name='test 5'}, GroupData{id='189', name='test 5'}, GroupData{id='183', name='test 5'}, GroupData{id='198', name='test 1'}, GroupData{id='199', name='test 2'}, GroupData{id='203', name='test 0'}, GroupData{id='204', name='test 1'}, GroupData{id='177', name='test 5'}, GroupData{id='197', name='test 0'}, GroupData{id='179', name='test 5'}, GroupData{id='205', name='test 2'}, GroupData{id='211', name='test 0'}, GroupData{id='212', name='test 1'}, GroupData{id='213', name='test 2'}, GroupData{id='209', name='test 5'}, GroupData{id='202', name='test 2'}, GroupData{id='210', name=''}, GroupData{id='176', name='test 5'}, GroupData{id='196', name='test 2'}, GroupData{id='206', name='test 0'}, GroupData{id='207', name='test 1'}, GroupData{id='208', name='test 2'}, GroupData{id='190', name='test 5'}, GroupData{id='194', name='test 0'}, GroupData{id='195', name='test 1'}, GroupData{id='178', name='test 5'}, GroupData{id='184', name='test 5'}, GroupData{id='182', name='test 5'}]&gt;
     but: was &lt;[GroupData{id='214', name='test 0'}, GroupData{id='215', name='test 1'}, GroupData{id='216', name='test 2'}, GroupData{id='189', name='test 5'}, GroupData{id='183', name='test 5'}, GroupData{id='198', name='test 1'}, GroupData{id='199', name='test 2'}, GroupData{id='203', name='test 0'}, GroupData{id='204', name='test 1'}, GroupData{id='177', name='test 5'}, GroupData{id='197', name='test 0'}, GroupData{id='179', name='test 5'}, GroupData{id='205', name='test 2'}, GroupData{id='211', name='test 0'}, GroupData{id='212', name='test 1'}, GroupData{id='213', name='test 2'}, GroupData{id='209', name='test 5'}, GroupData{id='202', name='test 2'}, GroupData{id='210', name=''}, GroupData{id='176', name='test 5'}, GroupData{id='196', name='test 2'}, GroupData{id='206', name='test 0'}, GroupData{id='207', name='test 1'}, GroupData{id='208', name='test 2'}, GroupData{id='190', name='test 5'}, GroupData{id='194', name='test 0'}, GroupData{id='195', name='test 1'}, GroupData{id='178', name='test 5'}, GroupData{id='184', name='test 5'}, GroupData{id='182', name='test 5'}]&gt;
	at org.hamcrest.MatcherAssert.assertThat(MatcherAssert.java:18)
	at org.hamcrest.MatcherAssert.assertThat(MatcherAssert.java:6)
	at ru.stqa.pft.addressbook.tests.GroupModificationTests.testGroupModification(GroupModificationTests.java:31)
	at sun.reflect.NativeMethodAccessorImpl.invoke0(Native Method)
	at sun.reflect.NativeMethodAccessorImpl.invoke(NativeMethodAccessorImpl.java:62)
	at sun.reflect.DelegatingMethodAccessorImpl.invoke(DelegatingMethodAccessorImpl.java:43)
	at java.lang.reflect.Method.invoke(Method.java:498)
	at org.testng.internal.MethodInvocationHelper.invokeMethod(MethodInvocationHelper.java:124)
	at org.testng.internal.Invoker.invokeMethod(Invoker.java:583)
	at org.testng.internal.Invoker.invokeTestMethod(Invoker.java:719)
	at org.testng.internal.Invoker.invokeTestMethods(Invoker.java:989)
	at org.testng.internal.TestMethodWorker.invokeTestMethods(TestMethodWorker.java:125)
	at org.testng.internal.TestMethodWorker.run(TestMethodWorker.java:109)
	at org.testng.TestRunner.privateRun(TestRunner.java:648)
	at org.testng.TestRunner.run(TestRunner.java:505)
	at org.testng.SuiteRunner.runTest(SuiteRunner.java:455)
	at org.testng.SuiteRunner.runSequentially(SuiteRunner.java:450)
	at org.testng.SuiteRunner.privateRun(SuiteRunner.java:415)
	at org.testng.SuiteRunner.run(SuiteRunner.java:364)
	at org.testng.SuiteRunnerWorker.runSuite(SuiteRunnerWorker.java:52)
	at org.testng.SuiteRunnerWorker.run(SuiteRunnerWorker.java:84)
	at org.testng.TestNG.runSuitesSequentially(TestNG.java:1208)
	at org.testng.TestNG.runSuitesLocally(TestNG.java:1137)
	at org.testng.TestNG.runSuites(TestNG.java:1049)
	at org.testng.TestNG.run(TestNG.java:1017)
	at org.gradle.api.internal.tasks.testing.testng.TestNGTestClassProcessor.runTests(TestNGTestClassProcessor.java:141)
	at org.gradle.api.internal.tasks.testing.testng.TestNGTestClassProcessor.stop(TestNGTestClassProcessor.java:90)
	at org.gradle.api.internal.tasks.testing.SuiteTestClassProcessor.stop(SuiteTestClassProcessor.java:61)
	at sun.reflect.NativeMethodAccessorImpl.invoke0(Native Method)
	at sun.reflect.NativeMethodAccessorImpl.invoke(NativeMethodAccessorImpl.java:62)
	at sun.reflect.DelegatingMethodAccessorImpl.invoke(DelegatingMethodAccessorImpl.java:43)
	at java.lang.reflect.Method.invoke(Method.java:498)
	at org.gradle.internal.dispatch.ReflectionDispatch.dispatch(ReflectionDispatch.java:35)
	at org.gradle.internal.dispatch.ReflectionDispatch.dispatch(ReflectionDispatch.java:24)
	at org.gradle.internal.dispatch.ContextClassLoaderDispatch.dispatch(ContextClassLoaderDispatch.java:32)
	at org.gradle.internal.dispatch.ProxyDispatchAdapter$DispatchingInvocationHandler.invoke(ProxyDispatchAdapter.java:93)
	at com.sun.proxy.$Proxy2.stop(Unknown Source)
	at org.gradle.api.internal.tasks.testing.worker.TestWorker.stop(TestWorker.java:132)
	at sun.reflect.NativeMethodAccessorImpl.invoke0(Native Method)
	at sun.reflect.NativeMethodAccessorImpl.invoke(NativeMethodAccessorImpl.java:62)
	at sun.reflect.DelegatingMethodAccessorImpl.invoke(DelegatingMethodAccessorImpl.java:43)
	at java.lang.reflect.Method.invoke(Method.java:498)
	at org.gradle.internal.dispatch.ReflectionDispatch.dispatch(ReflectionDispatch.java:35)
	at org.gradle.internal.dispatch.ReflectionDispatch.dispatch(ReflectionDispatch.java:24)
	at org.gradle.internal.remote.internal.hub.MessageHubBackedObjectConnection$DispatchWrapper.dispatch(MessageHubBackedObjectConnection.java:175)
	at org.gradle.internal.remote.internal.hub.MessageHubBackedObjectConnection$DispatchWrapper.dispatch(MessageHubBackedObjectConnection.java:157)
	at org.gradle.internal.remote.internal.hub.MessageHub$Handler.run(MessageHub.java:404)
	at org.gradle.internal.concurrent.ExecutorPolicy$CatchAndRecordFailures.onExecute(ExecutorPolicy.java:63)
	at org.gradle.internal.concurrent.ManagedExecutorImpl$1.run(ManagedExecutorImpl.java:46)
	at java.util.concurrent.ThreadPoolExecutor.runWorker(ThreadPoolExecutor.java:1149)
	at java.util.concurrent.ThreadPoolExecutor$Worker.run(ThreadPoolExecutor.java:624)
	at org.gradle.internal.concurrent.ThreadFactoryImpl$ManagedThreadRunnable.run(ThreadFactoryImpl.java:55)
	at java.lang.Thread.run(Thread.java:748)
</failure>
  </testcase>
  <system-out><![CDATA[23:57:18.145 [Test worker] INFO  r.s.pft.addressbook.tests.TestBase - Start test testGroupModification with parameters []
Hibernate: select groupdata0_.group_id as group_id1_2_, groupdata0_.group_footer as group_fo2_2_, groupdata0_.group_header as group_he3_2_, groupdata0_.group_name as group_na4_2_ from group_list groupdata0_
Hibernate: select groupdata0_.group_id as group_id1_2_, groupdata0_.group_footer as group_fo2_2_, groupdata0_.group_header as group_he3_2_, groupdata0_.group_name as group_na4_2_ from group_list groupdata0_
Hibernate: select groupdata0_.group_id as group_id1_2_, groupdata0_.group_footer as group_fo2_2_, groupdata0_.group_header as group_he3_2_, groupdata0_.group_name as group_na4_2_ from group_list groupdata0_
23:57:18.700 [Test worker] INFO  r.s.pft.addressbook.tests.TestBase - Stop test testGroupModification
]]></system-out>
  <system-err><![CDATA[]]></system-err>
</testsuite>
