<?xml version="1.0" encoding="UTF-8" standalone="yes"?>
<ns2:test-suite xmlns:ns2="urn:model.allure.qatools.yandex.ru" start="1567025834065" stop="1567025839126" version="1.4.2">
    <name>Suite1</name>
    <title>Suite1 : Groups</title>
    <test-cases>
        <test-case start="1567025834097" stop="1567025835418" status="passed">
            <name>testBadGroupCreation</name>
            <steps/>
            <attachments/>
            <labels/>
        </test-case>
        <test-case start="1567025835565" stop="1567025836404" status="passed">
            <name>testGroupCreation[GroupData{id='2147483647', name='test 0'}]</name>
            <steps/>
            <attachments/>
            <labels/>
        </test-case>
        <test-case start="1567025836406" stop="1567025837271" status="passed">
            <name>testGroupCreation[GroupData{id='2147483647', name='test 1'}]</name>
            <steps/>
            <attachments/>
            <labels/>
        </test-case>
        <test-case start="1567025837272" stop="1567025838142" status="passed">
            <name>testGroupCreation[GroupData{id='2147483647', name='test 2'}]</name>
            <steps/>
            <attachments/>
            <labels/>
        </test-case>
        <test-case start="1567025838150" stop="1567025838699" status="failed">
            <name>testGroupModification</name>
            <failure>
                <message>AssertionError: 
Expected: &lt;[GroupData{id='215', name='test 1'}, GroupData{id='216', name='test 2'}, GroupData{id='214', name='test 5'}, GroupData{id='189', name='test 5'}, GroupData{id='183', name='test 5'}, GroupData{id='198', name='test 1'}, GroupData{id='199', name='test 2'}, GroupData{id='203', name='test 0'}, GroupData{id='204', name='test 1'}, GroupData{id='177', name='test 5'}, GroupData{id='197', name='test 0'}, GroupData{id='179', name='test 5'}, GroupData{id='205', name='test 2'}, GroupData{id='211', name='test 0'}, GroupData{id='212', name='test 1'}, GroupData{id='213', name='test 2'}, GroupData{id='209', name='test 5'}, GroupData{id='202', name='test 2'}, GroupData{id='210', name=''}, GroupData{id='176', name='test 5'}, GroupData{id='196', name='test 2'}, GroupData{id='206', name='test 0'}, GroupData{id='207', name='test 1'}, GroupData{id='208', name='test 2'}, GroupData{id='190', name='test 5'}, GroupData{id='194', name='test 0'}, GroupData{id='195', name='test 1'}, GroupData{id='178', name='test 5'}, GroupData{id='184', name='test 5'}, GroupData{id='182', name='test 5'}]&gt;
     but: was &lt;[GroupData{id='214', name='test 0'}, GroupData{id='215', name='test 1'}, GroupData{id='216', name='test 2'}, GroupData{id='189', name='test 5'}, GroupData{id='183', name='test 5'}, GroupData{id='198', name='test 1'}, GroupData{id='199', name='test 2'}, GroupData{id='203', name='test 0'}, GroupData{id='204', name='test 1'}, GroupData{id='177', name='test 5'}, GroupData{id='197', name='test 0'}, GroupData{id='179', name='test 5'}, GroupData{id='205', name='test 2'}, GroupData{id='211', name='test 0'}, GroupData{id='212', name='test 1'}, GroupData{id='213', name='test 2'}, GroupData{id='209', name='test 5'}, GroupData{id='202', name='test 2'}, GroupData{id='210', name=''}, GroupData{id='176', name='test 5'}, GroupData{id='196', name='test 2'}, GroupData{id='206', name='test 0'}, GroupData{id='207', name='test 1'}, GroupData{id='208', name='test 2'}, GroupData{id='190', name='test 5'}, GroupData{id='194', name='test 0'}, GroupData{id='195', name='test 1'}, GroupData{id='178', name='test 5'}, GroupData{id='184', name='test 5'}, GroupData{id='182', name='test 5'}]&gt;</message>
                <stack-trace>java.lang.AssertionError: 
Expected: &lt;[GroupData{id='215', name='test 1'}, GroupData{id='216', name='test 2'}, GroupData{id='214', name='test 5'}, GroupData{id='189', name='test 5'}, GroupData{id='183', name='test 5'}, GroupData{id='198', name='test 1'}, GroupData{id='199', name='test 2'}, GroupData{id='203', name='test 0'}, GroupData{id='204', name='test 1'}, GroupData{id='177', name='test 5'}, GroupData{id='197', name='test 0'}, GroupData{id='179', name='test 5'}, GroupData{id='205', name='test 2'}, GroupData{id='211', name='test 0'}, GroupData{id='212', name='test 1'}, GroupData{id='213', name='test 2'}, GroupData{id='209', name='test 5'}, GroupData{id='202', name='test 2'}, GroupData{id='210', name=''}, GroupData{id='176', name='test 5'}, GroupData{id='196', name='test 2'}, GroupData{id='206', name='test 0'}, GroupData{id='207', name='test 1'}, GroupData{id='208', name='test 2'}, GroupData{id='190', name='test 5'}, GroupData{id='194', name='test 0'}, GroupData{id='195', name='test 1'}, GroupData{id='178', name='test 5'}, GroupData{id='184', name='test 5'}, GroupData{id='182', name='test 5'}]&gt;
     but: was &lt;[GroupData{id='214', name='test 0'}, GroupData{id='215', name='test 1'}, GroupData{id='216', name='test 2'}, GroupData{id='189', name='test 5'}, GroupData{id='183', name='test 5'}, GroupData{id='198', name='test 1'}, GroupData{id='199', name='test 2'}, GroupData{id='203', name='test 0'}, GroupData{id='204', name='test 1'}, GroupData{id='177', name='test 5'}, GroupData{id='197', name='test 0'}, GroupData{id='179', name='test 5'}, GroupData{id='205', name='test 2'}, GroupData{id='211', name='test 0'}, GroupData{id='212', name='test 1'}, GroupData{id='213', name='test 2'}, GroupData{id='209', name='test 5'}, GroupData{id='202', name='test 2'}, GroupData{id='210', name=''}, GroupData{id='176', name='test 5'}, GroupData{id='196', name='test 2'}, GroupData{id='206', name='test 0'}, GroupData{id='207', name='test 1'}, GroupData{id='208', name='test 2'}, GroupData{id='190', name='test 5'}, GroupData{id='194', name='test 0'}, GroupData{id='195', name='test 1'}, GroupData{id='178', name='test 5'}, GroupData{id='184', name='test 5'}, GroupData{id='182', name='test 5'}]&gt;
	at org.hamcrest.MatcherAssert.assertThat(MatcherAssert.java:18)
	at org.hamcrest.MatcherAssert.assertThat(MatcherAssert.java:6)
	at ru.stqa.pft.addressbook.tests.GroupModificationTests.testGroupModification(GroupModificationTests.java:31)
	at sun.reflect.NativeMethodAccessorImpl.invoke0(Native Method)
	at sun.reflect.NativeMethodAccessorImpl.invoke(NativeMethodAccessorImpl.java:62)
	at sun.reflect.DelegatingMethodAccessorImpl.invoke(DelegatingMethodAccessorImpl.java:43)
	at java.lang.reflect.Method.invoke(Method.java:498)
	at org.testng.internal.MethodInvocationHelper.invokeMethod(MethodInvocationHelper.java:124)
	at org.testng.internal.Invoker.invokeMethod(Invoker.java:583)
	at org.testng.internal.Invoker.invokeTestMethod(Invoker.java:719)
	at org.testng.internal.Invoker.invokeTestMethods(Invoker.java:989)
	at org.testng.internal.TestMethodWorker.invokeTestMethods(TestMethodWorker.java:125)
	at org.testng.internal.TestMethodWorker.run(TestMethodWorker.java:109)
	at org.testng.TestRunner.privateRun(TestRunner.java:648)
	at org.testng.TestRunner.run(TestRunner.java:505)
	at org.testng.SuiteRunner.runTest(SuiteRunner.java:455)
	at org.testng.SuiteRunner.runSequentially(SuiteRunner.java:450)
	at org.testng.SuiteRunner.privateRun(SuiteRunner.java:415)
	at org.testng.SuiteRunner.run(SuiteRunner.java:364)
	at org.testng.SuiteRunnerWorker.runSuite(SuiteRunnerWorker.java:52)
	at org.testng.SuiteRunnerWorker.run(SuiteRunnerWorker.java:84)
	at org.testng.TestNG.runSuitesSequentially(TestNG.java:1208)
	at org.testng.TestNG.runSuitesLocally(TestNG.java:1137)
	at org.testng.TestNG.runSuites(TestNG.java:1049)
	at org.testng.TestNG.run(TestNG.java:1017)
	at org.gradle.api.internal.tasks.testing.testng.TestNGTestClassProcessor.runTests(TestNGTestClassProcessor.java:141)
	at org.gradle.api.internal.tasks.testing.testng.TestNGTestClassProcessor.stop(TestNGTestClassProcessor.java:90)
	at org.gradle.api.internal.tasks.testing.SuiteTestClassProcessor.stop(SuiteTestClassProcessor.java:61)
	at sun.reflect.NativeMethodAccessorImpl.invoke0(Native Method)
	at sun.reflect.NativeMethodAccessorImpl.invoke(NativeMethodAccessorImpl.java:62)
	at sun.reflect.DelegatingMethodAccessorImpl.invoke(DelegatingMethodAccessorImpl.java:43)
	at java.lang.reflect.Method.invoke(Method.java:498)
	at org.gradle.internal.dispatch.ReflectionDispatch.dispatch(ReflectionDispatch.java:35)
	at org.gradle.internal.dispatch.ReflectionDispatch.dispatch(ReflectionDispatch.java:24)
	at org.gradle.internal.dispatch.ContextClassLoaderDispatch.dispatch(ContextClassLoaderDispatch.java:32)
	at org.gradle.internal.dispatch.ProxyDispatchAdapter$DispatchingInvocationHandler.invoke(ProxyDispatchAdapter.java:93)
	at com.sun.proxy.$Proxy2.stop(Unknown Source)
	at org.gradle.api.internal.tasks.testing.worker.TestWorker.stop(TestWorker.java:132)
	at sun.reflect.NativeMethodAccessorImpl.invoke0(Native Method)
	at sun.reflect.NativeMethodAccessorImpl.invoke(NativeMethodAccessorImpl.java:62)
	at sun.reflect.DelegatingMethodAccessorImpl.invoke(DelegatingMethodAccessorImpl.java:43)
	at java.lang.reflect.Method.invoke(Method.java:498)
	at org.gradle.internal.dispatch.ReflectionDispatch.dispatch(ReflectionDispatch.java:35)
	at org.gradle.internal.dispatch.ReflectionDispatch.dispatch(ReflectionDispatch.java:24)
	at org.gradle.internal.remote.internal.hub.MessageHubBackedObjectConnection$DispatchWrapper.dispatch(MessageHubBackedObjectConnection.java:175)
	at org.gradle.internal.remote.internal.hub.MessageHubBackedObjectConnection$DispatchWrapper.dispatch(MessageHubBackedObjectConnection.java:157)
	at org.gradle.internal.remote.internal.hub.MessageHub$Handler.run(MessageHub.java:404)
	at org.gradle.internal.concurrent.ExecutorPolicy$CatchAndRecordFailures.onExecute(ExecutorPolicy.java:63)
	at org.gradle.internal.concurrent.ManagedExecutorImpl$1.run(ManagedExecutorImpl.java:46)
	at java.util.concurrent.ThreadPoolExecutor.runWorker(ThreadPoolExecutor.java:1149)
	at java.util.concurrent.ThreadPoolExecutor$Worker.run(ThreadPoolExecutor.java:624)
	at org.gradle.internal.concurrent.ThreadFactoryImpl$ManagedThreadRunnable.run(ThreadFactoryImpl.java:55)
	at java.lang.Thread.run(Thread.java:748)
</stack-trace>
            </failure>
            <steps/>
            <attachments>
                <attachment title="Page screenshot" source="d013bbac025725e06722bcd211a3d2e852f75c55dc5fd92558bdc1e73fe581aa-attachment.png" type="image/png" size="42079"/>
            </attachments>
            <labels/>
        </test-case>
        <test-case start="1567025838848" stop="1567025839123" status="passed">
            <name>testGroupDeletion</name>
            <steps/>
            <attachments/>
            <labels/>
        </test-case>
    </test-cases>
    <labels>
        <label name="framework" value="TestNG"/>
        <label name="language" value="JAVA"/>
    </labels>
</ns2:test-suite>
